<?xml version="1.0" encoding="UTF-8"?>
<!-- Generated by org.testng.reporters.JUnitReportReporter -->
<testsuite hostname="Sarvesh" failures="0" tests="1" name="com.crm.qa.testcases.FreeCrmTest" time="24.650" errors="0" timestamp="01 Mar 2024 11:13:30 GMT" skipped="0">
  <testcase classname="com.crm.qa.testcases.FreeCrmTest" name="freeCrmTitleTest" time="24.650"/>
</testsuite> <!-- com.crm.qa.testcases.FreeCrmTest -->
