<?xml version="1.0" encoding="UTF-8"?>
<!-- Generated by org.testng.reporters.JUnitReportReporter -->
<testsuite hostname="Sarvesh" failures="0" tests="1" name="com.crm.qa.testcases.AddToCartTest" time="2.066" errors="0" timestamp="02 Mar 2024 14:42:59 GMT" skipped="0">
  <testcase classname="com.crm.qa.testcases.AddToCartTest" name="addtocartdetails" time="2.066"/>
</testsuite> <!-- com.crm.qa.testcases.AddToCartTest -->
