<?xml version="1.0" encoding="UTF-8"?>
<!-- Generated by org.testng.reporters.JUnitReportReporter -->
<testsuite hostname="Sarvesh" failures="0" tests="1" name="com.crm.qa.testcases.AddCustomerTest" time="8.462" errors="0" timestamp="2024-03-07T15:08:02 IST" skipped="0">
  <testcase classname="com.crm.qa.testcases.AddCustomerTest" name="additionofCustomer" time="8.462"/>
  <system-out/>
</testsuite> <!-- com.crm.qa.testcases.AddCustomerTest -->
