<?xml version="1.0" encoding="UTF-8"?>
<!-- Generated by org.testng.reporters.JUnitReportReporter -->
<testsuite hostname="Sarvesh" failures="0" tests="1" name="com.crm.qa.testcases.FinishTest" time="4.713" errors="0" timestamp="02 Mar 2024 15:13:08 GMT" skipped="0">
  <testcase classname="com.crm.qa.testcases.FinishTest" name="FinishPage" time="4.713"/>
</testsuite> <!-- com.crm.qa.testcases.FinishTest -->
