<?xml version="1.0" encoding="UTF-8"?>
<!-- Generated by org.testng.reporters.JUnitReportReporter -->
<testsuite hostname="Sarvesh" failures="0" tests="1" name="com.crm.qa.testcases.CheckOutPageTest" time="2.436" errors="0" timestamp="02 Mar 2024 14:44:04 GMT" skipped="0">
  <testcase classname="com.crm.qa.testcases.CheckOutPageTest" name="productcheckout" time="2.436"/>
</testsuite> <!-- com.crm.qa.testcases.CheckOutPageTest -->
