<?xml version="1.0" encoding="UTF-8"?>
<!-- Generated by org.testng.reporters.JUnitReportReporter -->
<testsuite hostname="Sarvesh" failures="0" tests="1" name="com.crm.qa.testcases.TransactionTest" time="22.836" errors="0" timestamp="2024-03-07T15:03:14 IST" skipped="0">
  <testcase classname="com.crm.qa.testcases.TransactionTest" name="TransactionTest" time="22.836"/>
  <system-out/>
</testsuite> <!-- com.crm.qa.testcases.TransactionTest -->
